INFO:readers.data_fetcher:从新浪获取期货结算价数据
INFO:readers.data_fetcher:GC 结算价: 4808.3
INFO:readers.data_fetcher:CL 结算价: 94.69
INFO:readers.data_fetcher:NQ 结算价: 26487.25
INFO:readers.data_fetcher:ES 结算价: 7077.0
INFO:readers.data_fetcher:从东财获取LOF基金 501018 历史净值数据
INFO:readers.data_fetcher:成功获取到 20 条净值记录！
INFO:readers.data_fetcher:从新浪获取LOF基金 501018 历史收盘价格数据
INFO:readers.data_fetcher:新浪API获取 31 天的数据
INFO:readers.data_fetcher:新浪API响应状态码: 200
INFO:readers.data_fetcher:找到 31 条新浪历史交易记录
INFO:readers.data_fetcher:成功获取LOF基金 501018 历史收盘价格数据，共31条记录
INFO:readers.data_fetcher:从东财获取LOF基金 160723 历史净值数据
INFO:readers.data_fetcher:成功获取到 20 条净值记录！
INFO:readers.data_fetcher:从新浪获取LOF基金 160723 历史收盘价格数据
INFO:readers.data_fetcher:新浪API获取 31 天的数据
INFO:readers.data_fetcher:新浪API响应状态码: 200
INFO:readers.data_fetcher:找到 31 条新浪历史交易记录
INFO:readers.data_fetcher:成功获取LOF基金 160723 历史收盘价格数据，共31条记录
INFO:readers.data_fetcher:从东财获取LOF基金 161129 历史净值数据
INFO:readers.data_fetcher:成功获取到 20 条净值记录！
INFO:readers.data_fetcher:从新浪获取LOF基金 161129 历史收盘价格数据
INFO:readers.data_fetcher:新浪API获取 31 天的数据
INFO:readers.data_fetcher:新浪API响应状态码: 200
INFO:readers.data_fetcher:找到 31 条新浪历史交易记录
INFO:readers.data_fetcher:成功获取LOF基金 161129 历史收盘价格数据，共31条记录
INFO:readers.data_fetcher:从东财获取LOF基金 160216 历史净值数据
INFO:readers.data_fetcher:成功获取到 20 条净值记录！
INFO:readers.data_fetcher:从新浪获取LOF基金 160216 历史收盘价格数据
INFO:readers.data_fetcher:新浪API获取 31 天的数据
INFO:readers.data_fetcher:新浪API响应状态码: 200
INFO:readers.data_fetcher:找到 31 条新浪历史交易记录
INFO:readers.data_fetcher:成功获取LOF基金 160216 历史收盘价格数据，共31条记录
INFO:readers.data_fetcher:从东财获取LOF基金 161815 历史净值数据
INFO:readers.data_fetcher:成功获取到 20 条净值记录！
INFO:readers.data_fetcher:从新浪获取LOF基金 161815 历史收盘价格数据
INFO:readers.data_fetcher:新浪API获取 31 天的数据
INFO:readers.data_fetcher:新浪API响应状态码: 200
INFO:readers.data_fetcher:找到 31 条新浪历史交易记录
INFO:readers.data_fetcher:成功获取LOF基金 161815 历史收盘价格数据，共31条记录
INFO:readers.data_fetcher:从东财获取LOF基金 160719 历史净值数据
INFO:readers.data_fetcher:成功获取到 20 条净值记录！
INFO:readers.data_fetcher:从新浪获取LOF基金 160719 历史收盘价格数据
INFO:readers.data_fetcher:新浪API获取 31 天的数据
INFO:readers.data_fetcher:新浪API响应状态码: 200
INFO:readers.data_fetcher:找到 31 条新浪历史交易记录
INFO:readers.data_fetcher:成功获取LOF基金 160719 历史收盘价格数据，共31条记录
INFO:readers.data_fetcher:从东财获取LOF基金 161116 历史净值数据
ERROR:readers.data_fetcher:第 1 页获取净值失败: HTTPConnectionPool(host='127.0.0.1', port=10808): Read timed out. (read timeout=10)
INFO:readers.data_fetcher:成功获取到 0 条净值记录！
INFO:readers.data_fetcher:从新浪获取LOF基金 161116 历史收盘价格数据
INFO:readers.data_fetcher:新浪API获取 31 天的数据
INFO:readers.data_fetcher:新浪API响应状态码: 200
INFO:readers.data_fetcher:找到 31 条新浪历史交易记录
INFO:readers.data_fetcher:成功获取LOF基金 161116 历史收盘价格数据，共31条记录
[状态文件] 新的一天，重置处理状态
  [API] 读取最新API文件: Data_woodyAPI_20260417_1012.csv
  [API] 成功加载本地API数据表，共19条记录
  [API] 遍历API数据，按类型分组...
  [API] 基金: SH501018, 类型: oil
  [API] 基金: SZ160723, 类型: oil
  [API] 基金: SZ161129, 类型: oil
  [API] 基金: SZ160216, 类型: gold
  [API] 基金: SZ161815, 类型: gold
  [API] 基金: SZ160719, 类型: gold
  [API] 基金: SZ161116, 类型: gold
  [API] 基金: SZ164701, 类型: gold
  [API] 基金: SZ165513, 类型: gold
  [API] 基金: SH513350, 类型: pure_etf
  [API] 基金: SZ159518, 类型: pure_etf
  [API] 基金: SZ162411, 类型: pure_etf
  [API] 基金: SZ162415, 类型: pure_etf
  [API] 基金: SZ159502, 类型: pure_etf
  [API] 基金: SZ161127, 类型: pure_etf
  [API] 基金: SPY, 类型: unknown
  [API] 基金: SZ161125, 类型: index
  [API] 基金: QQQ, 类型: unknown
  [API] 基金: SZ161130, 类型: index
  [API] 商品类基金: 9
  [API] 纯ETF类基金: 6
  [API] 指数类基金: 2
从配置文件中获取到 18 个基金
基金列表: ['501018', '160723', '161129', '160216', '161815', '160719', '161116', '164701', '165513', '513350', '159518', '162411', '162415', '159502', '161127', '161125', '161130', '161226']

=== 开始更新basic文件 ===

=== 更新basic文件 ===
  [INFO] basic文件已有 2026-04-17 基础行(011已写入汇率)，继续往下执行ETF空洞检查...

=== woody网页爬取期货校准值 ===
爬取黄金期货校准值...
  [OK] 黄金期货校准值: 10.9362 (日期: 2026-04-16)
  爬取石油期货校准值...
  [OK] 石油期货校准值: 0.7418 (日期: 2026-04-16)

=== 从新浪获取数据 ===

=== 从新浪获取期货结算价数据 ===
  [OK] GC 结算价: 4808.3
  [OK] CL 结算价: 94.69
  [OK] NQ 结算价: 26487.25
  [OK] ES 结算价: 7077.0

=== 获取Woody网页ETF数据补充 (区域变种锚点) ===

=== woody爬取 ^USO-JP 的价格数据 ===
  [OK] 成功读取^USO-JP数据，最新日期: 2026-04-16，最新价格: 123.39

=== woody爬取 ^GLD-JP 的价格数据 ===
  [OK] 成功读取^GLD-JP数据，最新日期: 2026-04-16，最新价格: 442.72

=== woody爬取 ^USO-HK 的价格数据 ===
  [OK] 成功读取^USO-HK数据，最新日期: 2026-04-16，最新价格: 124.82
  [INFO] basic文件已有 2026-04-16 的 ^USO-EU 价格，跳过 Woody 网页爬 取
  [INFO] basic文件已有 2026-04-16 的 USO 价格，跳过 Woody 网页爬 取
  [INFO] basic文件已有 2026-04-16 的 GLD 价格，跳过 Woody 网页爬 取
  [INFO] basic文件已有 2026-04-16 的 ^GLD-EU 价格，跳过 Woody 网页爬 取

=== 获取标准ETF与指数数据兜底(新浪) ===
  [INFO] 动态解析需要新浪兜底的ETF/指数列表: ['QQQ', '.NDX', 'XLY', 'XOP', '.INX', 'SPY', 'XBI', 'SLV']
  [INFO] basic文件已有 2026-04-16 的 QQQ，跳过新浪爬 取

=== 新浪爬取 .NDX 的历史数据 ===
  [OK] 成功读取.NDX数据，最新日期: 2026-04-16，最新价格: 26333.0
  [补漏] 成功填补 2026-04-16 的 .NDX: 26333.0 (源自美股 2026-04-16)
  [INFO] basic文件已有 2026-04-16 的 XLY，跳过新浪爬 取
  [INFO] basic文件已有 2026-04-16 的 XOP，跳过新浪爬 取

=== 新浪爬取 .INX 的历史数据 ===
  [OK] 成功读取.INX数据，最新日期: 2026-04-16，最新价格: 7041.28
  [补漏] 成功填补 2026-04-16 的 .INX: 7041.28 (源自美股 2026-04-16)
  [INFO] basic文件已有 2026-04-16 的 SPY，跳过新浪爬 取
  [INFO] basic文件已有 2026-04-16 的 XBI，跳过新浪爬 取
  [INFO] basic文件已有 2026-04-16 的 SLV，跳过新浪爬 取
  [OK] 成功更新basic文件: D:\Study\codexTest\CodexLOFarb\data\GLD_USO_basic_data.csv

=== 生成LOF基金 501018 历史数据文件 ===
现有数据的最新日期: 2026-04-16
[501018] 触发数据驱动更新，向新浪/东财提取从 2026-04-16 起的缺失历史收盘价和净值...
获取数据，从 2026-04-16 到 2026-04-17
=== 开始从东财获取LOF基金 501018 历史净值数据 ===
[OK] 成功获取到 20 条净值记录！
SUCCESS: 成功获取LOF基金 501018 历史数据，共32条记录
           日期  LOF交易价格   LOF净值
0  2026-04-16    2.227     NaN
1  2026-04-15    2.216  1.7055
2  2026-04-14    2.266  1.7109
3  2026-04-13    2.366  1.7682
4  2026-04-10    2.240  1.7092
basic_df中的列名: ['日期', '人民币中间价', 'GLD', '^GLD-EU', '^GLD-JP', 'USO', '^USO-EU', '^USO-JP', '^USO-HK', 'XOP', 'SLV', 'XBI', 'SPY', 'QQQ', '黄金校准', '原油校准', '162411校准', '162411对冲', '161127校准', '161127对冲', '161125校准', '161125对冲', '161130校准', '161130对冲', '.INX', '.NDX', 'GC_settle', 'CL_settle', 'NQ_settle', 'ES_settle', '来源', 'SPY校准', 'QQQ校准', '513350校准', '513350对冲', '159518校准', '159518对冲', '162415校准', '162415对冲', '159502校准', '159502对冲', 'XLY']
basic_df是否包含黄金校准: True
basic_df是否包含原油校准: True
合并后的数据框列名: ['日期', '人民币中间价_x', '仓位', '收盘价', '净值', '变化比例', 'ETF静态估值', 'ETF静态估值误差', 'ETF静态溢价', '^USO-EU_x', '^USO-EU权重', 'USO_x', 'USO权重', '^USO-JP_x', '^USO-JP权重', '校准值', '对冲值', '期货结算价', '期货静态估值', '期货静态估值误差']...
是否包含黄金校准_basic: True
是否包含原油校准_basic: True
过滤非交易日数据...
已过滤 4 条非交易日数据
[状态文件] 已更新基金 501018 的处理状态

=== 生成LOF基金 160723 历史数据文件 ===
现有数据的最新日期: 2026-04-16
[160723] 触发数据驱动更新，向新浪/东财提取从 2026-04-16 起的缺失历史收盘价和净值...
获取数据，从 2026-04-16 到 2026-04-17
=== 开始从东财获取LOF基金 160723 历史净值数据 ===
[OK] 成功获取到 20 条净值记录！
SUCCESS: 成功获取LOF基金 160723 历史数据，共31条记录
           日期  LOF交易价格   LOF净值
0  2026-04-16    2.385     NaN
1  2026-04-15    2.433  1.9594
2  2026-04-14    2.516  1.9582
3  2026-04-13    2.568  2.0176
4  2026-04-10    2.399  1.9605
basic_df中的列名: ['日期', '人民币中间价', 'GLD', '^GLD-EU', '^GLD-JP', 'USO', '^USO-EU', '^USO-JP', '^USO-HK', 'XOP', 'SLV', 'XBI', 'SPY', 'QQQ', '黄金校准', '原油校准', '162411校准', '162411对冲', '161127校准', '161127对冲', '161125校准', '161125对冲', '161130校准', '161130对冲', '.INX', '.NDX', 'GC_settle', 'CL_settle', 'NQ_settle', 'ES_settle', '来源', 'SPY校准', 'QQQ校准', '513350校准', '513350对冲', '159518校准', '159518对冲', '162415校准', '162415对冲', '159502校准', '159502对冲', 'XLY']
basic_df是否包含黄金校准: True
basic_df是否包含原油校准: True
合并后的数据框列名: ['日期', '人民币中间价_x', '仓位', '收盘价', '净值', '变化比例', 'ETF静态估值', 'ETF静态估值误差', 'ETF静态溢价', 'USO_x', 'USO权重', '^USO-EU_x', '^USO-EU权重', '^USO-JP_x', '^USO-JP权重', '校准值', '对冲值', '期货结算价', '期货静态估值', '期货静态估值误差']...
是否包含黄金校准_basic: True
是否包含原油校准_basic: True
过滤非交易日数据...
已过滤 4 条非交易日数据
[状态文件] 已更新基金 160723 的处理状态

=== 生成LOF基金 161129 历史数据文件 ===
现有数据的最新日期: 2026-04-16
[161129] 触发数据驱动更新，向新浪/东财提取从 2026-04-16 起的缺失历史收盘价和净值...
获取数据，从 2026-04-16 到 2026-04-17
=== 开始从东财获取LOF基金 161129 历史净值数据 ===
[OK] 成功获取到 20 条净值记录！
SUCCESS: 成功获取LOF基金 161129 历史数据，共31条记录
           日期  LOF交易价格   LOF净值
0  2026-04-16    2.036     NaN
1  2026-04-15    2.075  1.6233
2  2026-04-14    2.173  1.6253
3  2026-04-13    2.286  1.6763
4  2026-04-10    2.209  1.6212
INFO:readers.data_fetcher:从东财获取LOF基金 164701 历史净值数据
INFO:readers.data_fetcher:成功获取到 20 条净值记录！
INFO:readers.data_fetcher:从新浪获取LOF基金 164701 历史收盘价格数据
INFO:readers.data_fetcher:新浪API获取 31 天的数据
INFO:readers.data_fetcher:新浪API响应状态码: 200
INFO:readers.data_fetcher:找到 31 条新浪历史交易记录
INFO:readers.data_fetcher:成功获取LOF基金 164701 历史收盘价格数据，共31条记录
INFO:readers.data_fetcher:从东财获取LOF基金 165513 历史净值数据
INFO:readers.data_fetcher:成功获取到 20 条净值记录！
INFO:readers.data_fetcher:从新浪获取LOF基金 165513 历史收盘价格数据
INFO:readers.data_fetcher:新浪API获取 31 天的数据
INFO:readers.data_fetcher:新浪API响应状态码: 200
INFO:readers.data_fetcher:找到 31 条新浪历史交易记录
INFO:readers.data_fetcher:成功获取LOF基金 165513 历史收盘价格数据，共31条记录
INFO:readers.data_fetcher:从东财获取LOF基金 513350 历史净值数据
INFO:readers.data_fetcher:成功获取到 20 条净值记录！
INFO:readers.data_fetcher:从新浪获取LOF基金 513350 历史收盘价格数据
INFO:readers.data_fetcher:新浪API获取 31 天的数据
INFO:readers.data_fetcher:新浪API响应状态码: 200
ERROR:readers.data_fetcher:新浪返回的数据格式不正确
INFO:readers.data_fetcher:从东财获取LOF基金 159518 历史净值数据
INFO:readers.data_fetcher:成功获取到 20 条净值记录！
INFO:readers.data_fetcher:从新浪获取LOF基金 159518 历史收盘价格数据
INFO:readers.data_fetcher:新浪API获取 31 天的数据
INFO:readers.data_fetcher:新浪API响应状态码: 200
INFO:readers.data_fetcher:找到 31 条新浪历史交易记录
INFO:readers.data_fetcher:成功获取LOF基金 159518 历史收盘价格数据，共31条记录
basic_df中的列名: ['日期', '人民币中间价', 'GLD', '^GLD-EU', '^GLD-JP', 'USO', '^USO-EU', '^USO-JP', '^USO-HK', 'XOP', 'SLV', 'XBI', 'SPY', 'QQQ', '黄金校准', '原油校准', '162411校准', '162411对冲', '161127校准', '161127对冲', '161125校准', '161125对冲', '161130校准', '161130对冲', '.INX', '.NDX', 'GC_settle', 'CL_settle', 'NQ_settle', 'ES_settle', '来源', 'SPY校准', 'QQQ校准', '513350校准', '513350对冲', '159518校准', '159518对冲', '162415校准', '162415对冲', '159502校准', '159502对冲', 'XLY']
basic_df是否包含黄金校准: True
basic_df是否包含原油校准: True
合并后的数据框列名: ['日期', '人民币中间价_x', '仓位', '收盘价', '净值', '变化比例', 'ETF静态估值', 'ETF静态估值误差', 'ETF静态溢价', '^USO-EU_x', '^USO-EU权重', '^USO-JP_x', '^USO-JP权重', 'USO_x', 'USO权重', '^USO-HK_x', '^USO-HK权重', '校准值', '对冲值', '期货结算价']...
是否包含黄金校准_basic: True
是否包含原油校准_basic: True
过滤非交易日数据...
已过滤 4 条非交易日数据
[状态文件] 已更新基金 161129 的处理状态

=== 生成LOF基金 160216 历史数据文件 ===
现有数据的最新日期: 2026-04-16
[160216] 触发数据驱动更新，向新浪/东财提取从 2026-04-16 起的缺失历史收盘价和净值...
获取数据，从 2026-04-16 到 2026-04-17
=== 开始从东财获取LOF基金 160216 历史净值数据 ===
[OK] 成功获取到 20 条净值记录！
SUCCESS: 成功获取LOF基金 160216 历史数据，共31条记录
           日期  LOF交易价格  LOF净值
0  2026-04-16    0.743    NaN
1  2026-04-15    0.743  0.751
2  2026-04-14    0.743  0.753
3  2026-04-13    0.747  0.757
4  2026-04-10    0.739  0.745
basic_df中的列名: ['日期', '人民币中间价', 'GLD', '^GLD-EU', '^GLD-JP', 'USO', '^USO-EU', '^USO-JP', '^USO-HK', 'XOP', 'SLV', 'XBI', 'SPY', 'QQQ', '黄金校准', '原油校准', '162411校准', '162411对冲', '161127校准', '161127对冲', '161125校准', '161125对冲', '161130校准', '161130对冲', '.INX', '.NDX', 'GC_settle', 'CL_settle', 'NQ_settle', 'ES_settle', '来源', 'SPY校准', 'QQQ校准', '513350校准', '513350对冲', '159518校准', '159518对冲', '162415校准', '162415对冲', '159502校准', '159502对冲', 'XLY']
basic_df是否包含黄金校准: True
basic_df是否包含原油校准: True
合并后的数据框列名: ['日期', '人民币中间价_x', '仓位', '收盘价', '净值', '变化比例', '校准值', '对冲值', 'ETF静态估值', 'ETF静态估值误差', 'ETF静态溢价', 'GLD_x', 'GLD权重', 'USO_x', 'USO权重', '黄金期货校准', 'LOF交易价格', 'LOF净值', '人民币中间价_y', 'GLD_y']...
是否包含黄金校准_basic: True
是否包含原油校准_basic: True
过滤非交易日数据...
已过滤 4 条非交易日数据
[状态文件] 已更新基金 160216 的处理状态

=== 生成LOF基金 161815 历史数据文件 ===
现有数据的最新日期: 2026-04-16
[161815] 触发数据驱动更新，向新浪/东财提取从 2026-04-16 起的缺失历史收盘价和净值...
获取数据，从 2026-04-16 到 2026-04-17
=== 开始从东财获取LOF基金 161815 历史净值数据 ===
[OK] 成功获取到 20 条净值记录！
SUCCESS: 成功获取LOF基金 161815 历史数据，共31条记录
           日期  LOF交易价格  LOF净值
0  2026-04-16    1.170    NaN
1  2026-04-15    1.161  1.178
2  2026-04-14    1.163  1.185
3  2026-04-13    1.170  1.176
4  2026-04-10    1.155  1.172
basic_df中的列名: ['日期', '人民币中间价', 'GLD', '^GLD-EU', '^GLD-JP', 'USO', '^USO-EU', '^USO-JP', '^USO-HK', 'XOP', 'SLV', 'XBI', 'SPY', 'QQQ', '黄金校准', '原油校准', '162411校准', '162411对冲', '161127校准', '161127对冲', '161125校准', '161125对冲', '161130校准', '161130对冲', '.INX', '.NDX', 'GC_settle', 'CL_settle', 'NQ_settle', 'ES_settle', '来源', 'SPY校准', 'QQQ校准', '513350校准', '513350对冲', '159518校准', '159518对冲', '162415校准', '162415对冲', '159502校准', '159502对冲', 'XLY']
basic_df是否包含黄金校准: True
basic_df是否包含原油校准: True
合并后的数据框列名: ['日期', '人民币中间价_x', '仓位', '收盘价', '净值', '变化比例', 'ETF静态估值', 'ETF静态估值误差', 'ETF静态溢价', 'GLD_x', 'GLD权重', 'USO_x', 'USO权重', '^USO-EU_x', '^USO-EU权重', '校准值', '对冲值', '期货结算价', '期货静态估值', '期货静态估值误差']...
是否包含黄金校准_basic: True
是否包含原油校准_basic: True
过滤非交易日数据...
已过滤 4 条非交易日数据
[状态文件] 已更新基金 161815 的处理状态

=== 生成LOF基金 160719 历史数据文件 ===
现有数据的最新日期: 2026-04-16
[160719] 触发数据驱动更新，向新浪/东财提取从 2026-04-16 起的缺失历史收盘价和净值...
获取数据，从 2026-04-16 到 2026-04-17
=== 开始从东财获取LOF基金 160719 历史净值数据 ===
[OK] 成功获取到 20 条净值记录！
SUCCESS: 成功获取LOF基金 160719 历史数据，共31条记录
           日期  LOF交易价格  LOF净值
0  2026-04-16    2.161    NaN
1  2026-04-15    2.154  2.166
2  2026-04-14    2.141  2.180
3  2026-04-13    2.123  2.137
4  2026-04-10    2.133  2.156
basic_df中的列名: ['日期', '人民币中间价', 'GLD', '^GLD-EU', '^GLD-JP', 'USO', '^USO-EU', '^USO-JP', '^USO-HK', 'XOP', 'SLV', 'XBI', 'SPY', 'QQQ', '黄金校准', '原油校准', '162411校准', '162411对冲', '161127校准', '161127对冲', '161125校准', '161125对冲', '161130校准', '161130对冲', '.INX', '.NDX', 'GC_settle', 'CL_settle', 'NQ_settle', 'ES_settle', '来源', 'SPY校准', 'QQQ校准', '513350校准', '513350对冲', '159518校准', '159518对冲', '162415校准', '162415对冲', '159502校准', '159502对冲', 'XLY']
basic_df是否包含黄金校准: True
basic_df是否包含原油校准: True
合并后的数据框列名: ['日期', '人民币中间价_x', '仓位', '收盘价', '净值', '变化比例', 'ETF静态估值', 'ETF静态估值误差', 'ETF静态溢价', 'GLD_x', 'GLD权重', '^GLD-EU_x', '^GLD-EU权重', '校准值', '对冲值', '期货结算价', '期货静态估值', '期货静态估值误差', '期货静态估值溢价', '黄金期货校准']...
是否包含黄金校准_basic: True
是否包含原油校准_basic: True
过滤非交易日数据...
已过滤 4 条非交易日数据
[状态文件] 已更新基金 160719 的处理状态

=== 生成LOF基金 161116 历史数据文件 ===
现有数据的最新日期: 2026-04-16
[161116] 触发数据驱动更新，向新浪/东财提取从 2026-04-16 起的缺失历史收盘价和净值...
获取数据，从 2026-04-16 到 2026-04-17
=== 开始从东财获取LOF基金 161116 历史净值数据 ===
[OK] 成功获取到 0 条净值记录！
SUCCESS: 成功获取LOF基金 161116 历史数据，共31条记录
           日期  LOF交易价格 LOF净值
0  2026-04-16    1.823  None
1  2026-04-15    1.821  None
2  2026-04-14    1.815  None
3  2026-04-13    1.804  None
4  2026-04-10    1.819  None
basic_df中的列名: ['日期', '人民币中间价', 'GLD', '^GLD-EU', '^GLD-JP', 'USO', '^USO-EU', '^USO-JP', '^USO-HK', 'XOP', 'SLV', 'XBI', 'SPY', 'QQQ', '黄金校准', '原油校准', '162411校准', '162411对冲', '161127校准', '161127对冲', '161125校准', '161125对冲', '161130校准', '161130对冲', '.INX', '.NDX', 'GC_settle', 'CL_settle', 'NQ_settle', 'ES_settle', '来源', 'SPY校准', 'QQQ校准', '513350校准', '513350对冲', '159518校准', '159518对冲', '162415校准', '162415对冲', '159502校准', '159502对冲', 'XLY']
basic_df是否包含黄金校准: True
basic_df是否包含原油校准: True
INFO:readers.data_fetcher:从东财获取LOF基金 162411 历史净值数据
INFO:readers.data_fetcher:成功获取到 20 条净值记录！
INFO:readers.data_fetcher:从新浪获取LOF基金 162411 历史收盘价格数据
INFO:readers.data_fetcher:新浪API获取 31 天的数据
INFO:readers.data_fetcher:新浪API响应状态码: 200
INFO:readers.data_fetcher:找到 31 条新浪历史交易记录
INFO:readers.data_fetcher:成功获取LOF基金 162411 历史收盘价格数据，共31条记录
INFO:readers.data_fetcher:从东财获取LOF基金 162415 历史净值数据
INFO:readers.data_fetcher:成功获取到 20 条净值记录！
INFO:readers.data_fetcher:从新浪获取LOF基金 162415 历史收盘价格数据
INFO:readers.data_fetcher:新浪API获取 31 天的数据
INFO:readers.data_fetcher:新浪API响应状态码: 200
INFO:readers.data_fetcher:找到 31 条新浪历史交易记录
INFO:readers.data_fetcher:成功获取LOF基金 162415 历史收盘价格数据，共31条记录
INFO:readers.data_fetcher:从东财获取LOF基金 159502 历史净值数据
ERROR:readers.data_fetcher:第 1 页获取净值失败: HTTPConnectionPool(host='127.0.0.1', port=10808): Read timed out. (read timeout=10)
INFO:readers.data_fetcher:成功获取到 0 条净值记录！
INFO:readers.data_fetcher:从新浪获取LOF基金 159502 历史收盘价格数据
INFO:readers.data_fetcher:新浪API获取 31 天的数据
INFO:readers.data_fetcher:新浪API响应状态码: 200
INFO:readers.data_fetcher:找到 31 条新浪历史交易记录
INFO:readers.data_fetcher:成功获取LOF基金 159502 历史收盘价格数据，共31条记录
INFO:readers.data_fetcher:从东财获取LOF基金 161127 历史净值数据
INFO:readers.data_fetcher:成功获取到 20 条净值记录！
INFO:readers.data_fetcher:从新浪获取LOF基金 161127 历史收盘价格数据
INFO:readers.data_fetcher:新浪API获取 31 天的数据
INFO:readers.data_fetcher:新浪API响应状态码: 200
INFO:readers.data_fetcher:找到 31 条新浪历史交易记录
INFO:readers.data_fetcher:成功获取LOF基金 161127 历史收盘价格数据，共31条记录
合并后的数据框列名: ['日期', '人民币中间价_x', '仓位', '收盘价', '净值', '变化比例', 'ETF静态估值', 'ETF静态估值误差', 'ETF静态溢价', 'GLD_x', 'GLD权重', '^GLD-EU_x', '^GLD-EU权重', '校准值', '对冲值', '期货结算价', '期货静态估值', '期货静态估值误差', '期货静态估值溢价', '黄金期货校准']...
是否包含黄金校准_basic: True
是否包含原油校准_basic: True
过滤非交易日数据...
已过滤 4 条非交易日数据
[状态文件] 已更新基金 161116 的处理状态

=== 生成LOF基金 164701 历史数据文件 ===
现有数据的最新日期: 2026-04-16
[164701] 触发数据驱动更新，向新浪/东财提取从 2026-04-16 起的缺失历史收盘价和净值...
获取数据，从 2026-04-16 到 2026-04-17
=== 开始从东财获取LOF基金 164701 历史净值数据 ===
[OK] 成功获取到 20 条净值记录！
SUCCESS: 成功获取LOF基金 164701 历史数据，共31条记录
           日期  LOF交易价格  LOF净值
0  2026-04-16    1.908    NaN
1  2026-04-15    1.906  1.906
2  2026-04-14    1.894  1.926
3  2026-04-13    1.875  1.887
4  2026-04-10    1.881  1.894
basic_df中的列名: ['日期', '人民币中间价', 'GLD', '^GLD-EU', '^GLD-JP', 'USO', '^USO-EU', '^USO-JP', '^USO-HK', 'XOP', 'SLV', 'XBI', 'SPY', 'QQQ', '黄金校准', '原油校准', '162411校准', '162411对冲', '161127校准', '161127对冲', '161125校准', '161125对冲', '161130校准', '161130对冲', '.INX', '.NDX', 'GC_settle', 'CL_settle', 'NQ_settle', 'ES_settle', '来源', 'SPY校准', 'QQQ校准', '513350校准', '513350对冲', '159518校准', '159518对冲', '162415校准', '162415对冲', '159502校准', '159502对冲', 'XLY']
basic_df是否包含黄金校准: True
basic_df是否包含原油校准: True
合并后的数据框列名: ['日期', '人民币中间价_x', '仓位', '收盘价', '净值', '变化比例', 'ETF静态估值', 'ETF静态估值误差', 'ETF静态溢价', 'GLD_x', 'GLD权重', 'SLV_x', 'SLV权重', '校准值', '对冲值', '期货结算价', '期货静态估值', '期货静态估值误差', '期货静态估值溢价', '黄金期货校准']...
是否包含黄金校准_basic: True
是否包含原油校准_basic: True
过滤非交易日数据...
已过滤 4 条非交易日数据
[状态文件] 已更新基金 164701 的处理状态

=== 生成LOF基金 165513 历史数据文件 ===
现有数据的最新日期: 2026-04-16
[165513] 触发数据驱动更新，向新浪/东财提取从 2026-04-16 起的缺失历史收盘价和净值...
获取数据，从 2026-04-16 到 2026-04-17
=== 开始从东财获取LOF基金 165513 历史净值数据 ===
[OK] 成功获取到 20 条净值记录！
SUCCESS: 成功获取LOF基金 165513 历史数据，共31条记录
           日期  LOF交易价格   LOF净值
0  2026-04-16    1.144     NaN
1  2026-04-15    1.141  1.1450
2  2026-04-14    1.133  1.1547
3  2026-04-13    1.123  1.1339
4  2026-04-10    1.128  1.1386
basic_df中的列名: ['日期', '人民币中间价', 'GLD', '^GLD-EU', '^GLD-JP', 'USO', '^USO-EU', '^USO-JP', '^USO-HK', 'XOP', 'SLV', 'XBI', 'SPY', 'QQQ', '黄金校准', '原油校准', '162411校准', '162411对冲', '161127校准', '161127对冲', '161125校准', '161125对冲', '161130校准', '161130对冲', '.INX', '.NDX', 'GC_settle', 'CL_settle', 'NQ_settle', 'ES_settle', '来源', 'SPY校准', 'QQQ校准', '513350校准', '513350对冲', '159518校准', '159518对冲', '162415校准', '162415对冲', '159502校准', '159502对冲', 'XLY']
basic_df是否包含黄金校准: True
basic_df是否包含原油校准: True
合并后的数据框列名: ['日期', '人民币中间价_x', '仓位', '收盘价', '净值', '变化比例', 'ETF静态估值', 'ETF静态估值误差', 'ETF静态溢价', 'GLD_x', 'GLD权重', '^GLD-EU_x', '^GLD-EU权重', '^GLD-JP_x', '^GLD-JP权重', '校准值', '对冲值', '期货结算价', '期货静态估值', '期货静态估值误差']...
是否包含黄金校准_basic: True
是否包含原油校准_basic: True
过滤非交易日数据...
已过滤 4 条非交易日数据
[状态文件] 已更新基金 165513 的处理状态

=== 生成LOF基金 513350 历史数据文件 ===
现有数据的最新日期: 2026-04-16
[513350] 触发数据驱动更新，向新浪/东财提取从 2026-04-16 起的缺失历史收盘价和净值...
获取数据，从 2026-04-16 到 2026-04-17
=== 开始从东财获取LOF基金 513350 历史净值数据 ===
[OK] 成功获取到 20 条净值记录！
ERROR: 新浪返回的数据格式不正确
SUCCESS: 成功获取LOF基金 513350 历史净值数据，共20条记录
           日期 LOF交易价格   LOF净值
0  2026-04-15    None  1.1737
1  2026-04-14    None  1.1682
2  2026-04-13    None  1.2074
3  2026-04-10    None  1.2049
4  2026-04-09    None  1.2000
basic_df中的列名: ['日期', '人民币中间价', 'GLD', '^GLD-EU', '^GLD-JP', 'USO', '^USO-EU', '^USO-JP', '^USO-HK', 'XOP', 'SLV', 'XBI', 'SPY', 'QQQ', '黄金校准', '原油校准', '162411校准', '162411对冲', '161127校准', '161127对冲', '161125校准', '161125对冲', '161130校准', '161130对冲', '.INX', '.NDX', 'GC_settle', 'CL_settle', 'NQ_settle', 'ES_settle', '来源', 'SPY校准', 'QQQ校准', '513350校准', '513350对冲', '159518校准', '159518对冲', '162415校准', '162415对冲', '159502校准', '159502对冲', 'XLY']
basic_df是否包含黄金校准: True
basic_df是否包含原油校准: True
合并后的数据框列名: ['日期', '人民币中间价_x', '仓位', '收盘价', '净值', '变化比例', '校准值', '对冲值', 'ETF静态估值', 'ETF静态估值误差', 'ETF静态溢价', 'XOP_x', 'XOP权重', '513350官方校准', 'LOF交易价格', 'LOF净值', '人民币中间价_y', 'GLD', '^GLD-EU', '^GLD-JP']...
是否包含黄金校准_basic: True
是否包含原油校准_basic: True
过滤非交易日数据...
已过滤 4 条非交易日数据
ERROR: 日期 2026-03-17: 未找到满足条件的基准日期，无法计算估值
  --> Debug 513350: 为了计算 2026-03-17，向前寻找基准日失败。
  --> 检查当前日 2026-03-17 是否有汇率: 6.8961
  --> 检查当前日 2026-03-17 是否有 XOP: 170.08
  --> 请检查 T-1 日是否缺少 '净值'，或者 T-1 日缺少 '人民币中间价'。
ERROR: 日期 2026-03-16: 未找到满足条件的基准日期，无法计算估值
  --> Debug 513350: 为了计算 2026-03-16，向前寻找基准日失败。
  --> 检查当前日 2026-03-16 是否有汇率: 6.9057
  --> 检查当前日 2026-03-16 是否有 XOP: 167.37
  --> 请检查 T-1 日是否缺少 '净值'，或者 T-1 日缺少 '人民币中间价'。
ERROR: 日期 2026-03-13: 未找到满足条件的基准日期，无法计算估值
  --> Debug 513350: 为了计算 2026-03-13，向前寻找基准日失败。
  --> 检查当前日 2026-03-13 是否有汇率: 6.9007
  --> 检查当前日 2026-03-13 是否有 XOP: 167.89
  --> 请检查 T-1 日是否缺少 '净值'，或者 T-1 日缺少 '人民币中间价'。
统计: 共有 46 个日期无法计算静态官方估值
已显示前 3 个ERROR，其余 43 个ERROR已省略
[状态文件] 已更新基金 513350 的处理状态

=== 生成LOF基金 159518 历史数据文件 ===
现有数据的最新日期: 2026-04-16
[159518] 触发数据驱动更新，向新浪/东财提取从 2026-04-16 起的缺失历史收盘价和净值...
获取数据，从 2026-04-16 到 2026-04-17
=== 开始从东财获取LOF基金 159518 历史净值数据 ===
[OK] 成功获取到 20 条净值记录！
SUCCESS: 成功获取LOF基金 159518 历史数据，共31条记录
           日期  LOF交易价格   LOF净值
0  2026-04-16    1.195     NaN
1  2026-04-15    1.202  1.1188
2  2026-04-14    1.245  1.1136
3  2026-04-13    1.284  1.1509
4  2026-04-10    1.237  1.1486
INFO:readers.data_fetcher:从东财获取LOF基金 161125 历史净值数据
INFO:readers.data_fetcher:成功获取到 20 条净值记录！
INFO:readers.data_fetcher:从新浪获取LOF基金 161125 历史收盘价格数据
INFO:readers.data_fetcher:新浪API获取 31 天的数据
INFO:readers.data_fetcher:新浪API响应状态码: 200
INFO:readers.data_fetcher:找到 31 条新浪历史交易记录
INFO:readers.data_fetcher:成功获取LOF基金 161125 历史收盘价格数据，共31条记录
INFO:readers.data_fetcher:从东财获取LOF基金 161130 历史净值数据
INFO:readers.data_fetcher:成功获取到 20 条净值记录！
INFO:readers.data_fetcher:从新浪获取LOF基金 161130 历史收盘价格数据
INFO:readers.data_fetcher:新浪API获取 31 天的数据
INFO:readers.data_fetcher:新浪API响应状态码: 200
INFO:readers.data_fetcher:找到 31 条新浪历史交易记录
INFO:readers.data_fetcher:成功获取LOF基金 161130 历史收盘价格数据，共31条记录
INFO:readers.data_fetcher:从东财获取LOF基金 161226 历史净值数据
INFO:readers.data_fetcher:成功获取到 20 条净值记录！
INFO:readers.data_fetcher:从新浪获取LOF基金 161226 历史收盘价格数据
INFO:readers.data_fetcher:新浪API获取 31 天的数据
INFO:readers.data_fetcher:新浪API响应状态码: 200
INFO:readers.data_fetcher:找到 31 条新浪历史交易记录
INFO:readers.data_fetcher:成功获取LOF基金 161226 历史收盘价格数据，共31条记录
basic_df中的列名: ['日期', '人民币中间价', 'GLD', '^GLD-EU', '^GLD-JP', 'USO', '^USO-EU', '^USO-JP', '^USO-HK', 'XOP', 'SLV', 'XBI', 'SPY', 'QQQ', '黄金校准', '原油校准', '162411校准', '162411对冲', '161127校准', '161127对冲', '161125校准', '161125对冲', '161130校准', '161130对冲', '.INX', '.NDX', 'GC_settle', 'CL_settle', 'NQ_settle', 'ES_settle', '来源', 'SPY校准', 'QQQ校准', '513350校准', '513350对冲', '159518校准', '159518对冲', '162415校准', '162415对冲', '159502校准', '159502对冲', 'XLY']
basic_df是否包含黄金校准: True
basic_df是否包含原油校准: True
合并后的数据框列名: ['日期', '人民币中间价_x', '仓位', '收盘价', '净值', '变化比例', '校准值', '对冲值', 'ETF静态估值', 'ETF静态估值误差', 'ETF静态溢价', 'XOP_x', 'XOP权重', '159518官方校准', 'LOF交易价格', 'LOF净值', '人民币中间价_y', 'GLD', '^GLD-EU', '^GLD-JP']...
是否包含黄金校准_basic: True
是否包含原油校准_basic: True
过滤非交易日数据...
已过滤 4 条非交易日数据
[状态文件] 已更新基金 159518 的处理状态

=== 生成LOF基金 162411 历史数据文件 ===
现有数据的最新日期: 2026-04-16
[162411] 触发数据驱动更新，向新浪/东财提取从 2026-04-16 起的缺失历史收盘价和净值...
获取数据，从 2026-04-16 到 2026-04-17
=== 开始从东财获取LOF基金 162411 历史净值数据 ===
[OK] 成功获取到 20 条净值记录！
SUCCESS: 成功获取LOF基金 162411 历史数据，共31条记录
           日期  LOF交易价格   LOF净值
0  2026-04-16    0.870     NaN
1  2026-04-15    0.867  0.8784
2  2026-04-14    0.898  0.8745
3  2026-04-13    0.924  0.9024
4  2026-04-10    0.906  0.9007
basic_df中的列名: ['日期', '人民币中间价', 'GLD', '^GLD-EU', '^GLD-JP', 'USO', '^USO-EU', '^USO-JP', '^USO-HK', 'XOP', 'SLV', 'XBI', 'SPY', 'QQQ', '黄金校准', '原油校准', '162411校准', '162411对冲', '161127校准', '161127对冲', '161125校准', '161125对冲', '161130校准', '161130对冲', '.INX', '.NDX', 'GC_settle', 'CL_settle', 'NQ_settle', 'ES_settle', '来源', 'SPY校准', 'QQQ校准', '513350校准', '513350对冲', '159518校准', '159518对冲', '162415校准', '162415对冲', '159502校准', '159502对冲', 'XLY']
basic_df是否包含黄金校准: True
basic_df是否包含原油校准: True
合并后的数据框列名: ['日期', '人民币中间价_x', '仓位', '收盘价', '净值', '变化比例', '校准值', '对冲值', 'ETF静态估值', 'ETF静态估值误差', 'ETF静态溢价', 'XOP_x', 'XOP权重', '162411官方校准', 'LOF交易价格', 'LOF净值', '人民币中间价_y', 'GLD', '^GLD-EU', '^GLD-JP']...
是否包含黄金校准_basic: True
是否包含原油校准_basic: True
过滤非交易日数据...
已过滤 4 条非交易日数据
[状态文件] 已更新基金 162411 的处理状态

=== 生成LOF基金 162415 历史数据文件 ===
现有数据的最新日期: 2026-04-16
[162415] 触发数据驱动更新，向新浪/东财提取从 2026-04-16 起的缺失历史收盘价和净值...
获取数据，从 2026-04-16 到 2026-04-17
=== 开始从东财获取LOF基金 162415 历史净值数据 ===
[OK] 成功获取到 20 条净值记录！
SUCCESS: 成功获取LOF基金 162415 历史数据，共31条记录
           日期  LOF交易价格  LOF净值
0  2026-04-16    2.923    NaN
1  2026-04-15    2.872  2.937
2  2026-04-14    2.817  2.897
3  2026-04-13    2.777  2.841
4  2026-04-10    2.795  2.817
basic_df中的列名: ['日期', '人民币中间价', 'GLD', '^GLD-EU', '^GLD-JP', 'USO', '^USO-EU', '^USO-JP', '^USO-HK', 'XOP', 'SLV', 'XBI', 'SPY', 'QQQ', '黄金校准', '原油校准', '162411校准', '162411对冲', '161127校准', '161127对冲', '161125校准', '161125对冲', '161130校准', '161130对冲', '.INX', '.NDX', 'GC_settle', 'CL_settle', 'NQ_settle', 'ES_settle', '来源', 'SPY校准', 'QQQ校准', '513350校准', '513350对冲', '159518校准', '159518对冲', '162415校准', '162415对冲', '159502校准', '159502对冲', 'XLY']
basic_df是否包含黄金校准: True
basic_df是否包含原油校准: True
合并后的数据框列名: ['日期', '人民币中间价_x', '仓位', '收盘价', '净值', '变化比例', '校准值', '对冲值', 'ETF静态估值', 'ETF静态估值误差', 'ETF静态溢价', 'XLY_x', 'XLY权重', '162415官方校准', 'LOF交易价格', 'LOF净值', '人民币中间价_y', 'GLD', '^GLD-EU', '^GLD-JP']...
是否包含黄金校准_basic: True
是否包含原油校准_basic: True
过滤非交易日数据...
已过滤 4 条非交易日数据
[状态文件] 已更新基金 162415 的处理状态

=== 生成LOF基金 159502 历史数据文件 ===
现有数据的最新日期: 2026-04-16
[159502] 触发数据驱动更新，向新浪/东财提取从 2026-04-16 起的缺失历史收盘价和净值...
获取数据，从 2026-04-16 到 2026-04-17
=== 开始从东财获取LOF基金 159502 历史净值数据 ===
[OK] 成功获取到 0 条净值记录！
SUCCESS: 成功获取LOF基金 159502 历史数据，共31条记录
           日期  LOF交易价格 LOF净值
0  2026-04-16    1.379  None
1  2026-04-15    1.369  None
2  2026-04-14    1.332  None
3  2026-04-13    1.298  None
4  2026-04-10    1.327  None
basic_df中的列名: ['日期', '人民币中间价', 'GLD', '^GLD-EU', '^GLD-JP', 'USO', '^USO-EU', '^USO-JP', '^USO-HK', 'XOP', 'SLV', 'XBI', 'SPY', 'QQQ', '黄金校准', '原油校准', '162411校准', '162411对冲', '161127校准', '161127对冲', '161125校准', '161125对冲', '161130校准', '161130对冲', '.INX', '.NDX', 'GC_settle', 'CL_settle', 'NQ_settle', 'ES_settle', '来源', 'SPY校准', 'QQQ校准', '513350校准', '513350对冲', '159518校准', '159518对冲', '162415校准', '162415对冲', '159502校准', '159502对冲', 'XLY']
basic_df是否包含黄金校准: True
basic_df是否包含原油校准: True
合并后的数据框列名: ['日期', '人民币中间价_x', '仓位', '收盘价', '净值', '变化比例', '校准值', '对冲值', 'ETF静态估值', 'ETF静态估值误差', 'ETF静态溢价', 'XBI_x', 'XBI权重', '159502官方校准', 'LOF交易价格', 'LOF净值', '人民币中间价_y', 'GLD', '^GLD-EU', '^GLD-JP']...
是否包含黄金校准_basic: True
是否包含原油校准_basic: True
过滤非交易日数据...
已过滤 4 条非交易日数据
[状态文件] 已更新基金 159502 的处理状态

=== 生成LOF基金 161127 历史数据文件 ===
现有数据的最新日期: 2026-04-16
[161127] 触发数据驱动更新，向新浪/东财提取从 2026-04-16 起的缺失历史收盘价和净值...
获取数据，从 2026-04-16 到 2026-04-17
=== 开始从东财获取LOF基金 161127 历史净值数据 ===
[OK] 成功获取到 20 条净值记录！
SUCCESS: 成功获取LOF基金 161127 历史数据，共31条记录
           日期  LOF交易价格   LOF净值
0  2026-04-16    1.838     NaN
1  2026-04-15    1.834  1.8479
2  2026-04-14    1.781  1.8392
3  2026-04-13    1.739  1.7934
4  2026-04-10    1.775  1.7594
basic_df中的列名: ['日期', '人民币中间价', 'GLD', '^GLD-EU', '^GLD-JP', 'USO', '^USO-EU', '^USO-JP', '^USO-HK', 'XOP', 'SLV', 'XBI', 'SPY', 'QQQ', '黄金校准', '原油校准', '162411校准', '162411对冲', '161127校准', '161127对冲', '161125校准', '161125对冲', '161130校准', '161130对冲', '.INX', '.NDX', 'GC_settle', 'CL_settle', 'NQ_settle', 'ES_settle', '来源', 'SPY校准', 'QQQ校准', '513350校准', '513350对冲', '159518校准', '159518对冲', '162415校准', '162415对冲', '159502校准', '159502对冲', 'XLY']
basic_df是否包含黄金校准: True
basic_df是否包含原油校准: True
合并后的数据框列名: ['日期', '人民币中间价_x', '仓位', '收盘价', '净值', '变化比例', '校准值', '对冲值', 'ETF静态估值', 'ETF静态估值误差', 'ETF静态溢价', 'XBI_x', 'XBI权重', '161127官方校准', 'LOF交易价格', 'LOF净值', '人民币中间价_y', 'GLD', '^GLD-EU', '^GLD-JP']...
是否包含黄金校准_basic: True
是否包含原油校准_basic: True
过滤非交易日数据...
已过滤 4 条非交易日数据
[状态文件] 已更新基金 161127 的处理状态

=== 生成LOF基金 161125 历史数据文件 ===
现有数据的最新日期: 2026-04-16
[161125] 触发数据驱动更新，向新浪/东财提取从 2026-04-16 起的缺失历史收盘价和净值...
获取数据，从 2026-04-16 到 2026-04-17
=== 开始从东财获取LOF基金 161125 历史净值数据 ===
[OK] 成功获取到 20 条净值记录！
SUCCESS: 成功获取LOF基金 161125 历史数据，共31条记录
           日期  LOF交易价格   LOF净值
0  2026-04-16    2.952     NaN
1  2026-04-15    2.913  2.9293
2  2026-04-14    2.894  2.9075
3  2026-04-13    2.867  2.8776
4  2026-04-10    2.879  2.8502
basic_df中的列名: ['日期', '人民币中间价', 'GLD', '^GLD-EU', '^GLD-JP', 'USO', '^USO-EU', '^USO-JP', '^USO-HK', 'XOP', 'SLV', 'XBI', 'SPY', 'QQQ', '黄金校准', '原油校准', '162411校准', '162411对冲', '161127校准', '161127对冲', '161125校准', '161125对冲', '161130校准', '161130对冲', '.INX', '.NDX', 'GC_settle', 'CL_settle', 'NQ_settle', 'ES_settle', '来源', 'SPY校准', 'QQQ校准', '513350校准', '513350对冲', '159518校准', '159518对冲', '162415校准', '162415对冲', '159502校准', '159502对冲', 'XLY']
basic_df是否包含黄金校准: True
basic_df是否包含原油校准: True
合并后的数据框列名: ['日期', '人民币中间价_x', '仓位', '收盘价', '净值', '变化比例', 'ETF静态估值', 'ETF静态估值误差', 'ETF静态溢价', 'SPY_x', 'SPY权重', '.INX_x', '指数静态估值', '指数静态估值误差', '校准值', '对冲值', '期货结算价', '期货静态估值', '期货静态估值误差', '期货静态估值溢价']...
是否包含黄金校准_basic: True
是否包含原油校准_basic: True
过滤非交易日数据...
已过滤 4 条非交易日数据
[状态文件] 已更新基金 161125 的处理状态

=== 生成LOF基金 161130 历史数据文件 ===
现有数据的最新日期: 2026-04-16
[161130] 触发数据驱动更新，向新浪/东财提取从 2026-04-16 起的缺失历史收盘价和净值...
获取数据，从 2026-04-16 到 2026-04-17
=== 开始从东财获取LOF基金 161130 历史净值数据 ===
[OK] 成功获取到 20 条净值记录！
SUCCESS: 成功获取LOF基金 161130 历史数据，共31条记录
           日期  LOF交易价格   LOF净值
0  2026-04-16    4.059     NaN
1  2026-04-15    3.981  4.0044
2  2026-04-14    3.928  3.9524
3  2026-04-13    3.873  3.8893
4  2026-04-10    3.893  3.8507
basic_df中的列名: ['日期', '人民币中间价', 'GLD', '^GLD-EU', '^GLD-JP', 'USO', '^USO-EU', '^USO-JP', '^USO-HK', 'XOP', 'SLV', 'XBI', 'SPY', 'QQQ', '黄金校准', '原油校准', '162411校准', '162411对冲', '161127校准', '161127对冲', '161125校准', '161125对冲', '161130校准', '161130对冲', '.INX', '.NDX', 'GC_settle', 'CL_settle', 'NQ_settle', 'ES_settle', '来源', 'SPY校准', 'QQQ校准', '513350校准', '513350对冲', '159518校准', '159518对冲', '162415校准', '162415对冲', '159502校准', '159502对冲', 'XLY']
basic_df是否包含黄金校准: True
basic_df是否包含原油校准: True
合并后的数据框列名: ['日期', '人民币中间价_x', '仓位', '收盘价', '净值', '变化比例', 'ETF静态估值', 'ETF静态估值误差', 'ETF静态溢价', 'QQQ_x', 'QQQ权重', '.NDX_x', '指数静态估值', '指数静态估值误差', '校准值', '对冲值', '期货结算价', '期货静态估值', '期货静态估值误差', '期货静态估值溢价']...
是否包含黄金校准_basic: True
是否包含原油校准_basic: True
过滤非交易日数据...
已过滤 4 条非交易日数据
[状态文件] 已更新基金 161130 的处理状态

=== 生成LOF基金 161226 历史数据文件 ===
现有数据的最新日期: 2026-04-16
[161226] 触发数据驱动更新，向新浪/东财提取从 2026-04-16 起的缺失历史收盘价和净值...
获取数据，从 2026-04-16 到 2026-04-17
=== 开始从东财获取LOF基金 161226 历史净值数据 ===
[OK] 成功获取到 20 条净值记录！
SUCCESS: 成功获取LOF基金 161226 历史数据，共31条记录
           日期  LOF交易价格   LOF净值
0  2026-04-16    2.902  2.2442
1  2026-04-15    2.876  2.2259
2  2026-04-14    2.855  2.1137
3  2026-04-13    2.824  2.1120
4  2026-04-10    2.870  2.1051
basic_df中的列名: ['日期', '人民币中间价', 'GLD', '^GLD-EU', '^GLD-JP', 'USO', '^USO-EU', '^USO-JP', '^USO-HK', 'XOP', 'SLV', 'XBI', 'SPY', 'QQQ', '黄金校准', '原油校准', '162411校准', '162411对冲', '161127校准', '161127对冲', '161125校准', '161125对冲', '161130校准', '161130对冲', '.INX', '.NDX', 'GC_settle', 'CL_settle', 'NQ_settle', 'ES_settle', '来源', 'SPY校准', 'QQQ校准', '513350校准', '513350对冲', '159518校准', '159518对冲', '162415校准', '162415对冲', '159502校准', '159502对冲', 'XLY']
basic_df是否包含黄金校准: True
basic_df是否包含原油校准: True
合并后的数据框列名: ['日期', '人民币中间价_x', '仓位', '收盘价', '净值', '变化比例', 'ETF静态估值', 'ETF静态估值误差', 'ETF静态溢价', 'GLD_x', 'GLD权重', 'USO_x', 'USO权重', '校准值', '对冲值', '期货结算价', '期货静态估值', '期货静态估值误差', '期货静态估值溢价', 'LOF交易价格']...
是否包含黄金校准_basic: True
是否包含原油校准_basic: True
过滤非交易日数据...
已过滤 4 条非交易日数据
[状态文件] 已更新基金 161226 的处理状态

=== 测试完成 ===

=== LOF基金历史数据CSV文件已生成 ===
LOF基金历史数据已保存为 LOF_{fund_code}_history.csv (每个基金一个文件)
每次运行程序时，会先检查CSV文件中的最新日期，如果已有T日的数据则不更新，否则获取最新数据
LOF基金历史净值数据从东财获取，LOF基金历史收盘价格数据从新浪获取
LOF基金历史数据文件已包含静态官方估值
